THE DATE AND TIME IS : 12-17-2013   04:07:17 PM IST 
 
THE HOST NAME IS  :-  
webonise-desktop
 
You are Running the [ Debian ] Operating System.

THE VERSION DETAILS ARE  :-
Linux webonise-desktop 3.5.0-23-generic x86_64

THE PATH UPTO THE .sh IS :-
/home/webonise/t.sh

THE CURRENT DIRECTORY IS :-
/home/webonise

THE USERS LOGGED INTO SYSTEM ARE :-
webonise tty7         2013-12-17 10:02
webonise pts/0        2013-12-17 13:50 (:0)
webonise pts/1        2013-12-17 13:53 (:0)

GROUPS YOU BELONG TO  :-
webonise adm cdrom sudo dip plugdev lpadmin sambashare

FILES LOCATED IN YOUR HOME DIRECTORY & SUBDIRECTORIES :-
.:
A1.CPP
a.cpp
a.cpp~
a.out
assignment.log
assignment.log~
b.cpp
b.cpp~
binding.rb
c.cpp
class.smtp.php
College.java
d.cpp
d.cpp~
Desktop
Documents
Downloads
examples.desktop
example.txt
ex.txt
ex.txt~
index.html
Music
p.cpp
Pictures
Public
regex.cpp
regex.cpp~
sample.sh
sample.sh~
skype-ubuntu-lucid_4.2.0.11-1_i386.deb
skype-ubuntu-lucid_4.2.0.11-1_i386.deb.1
smtp.php
smtp.php~
Student.java
suyog.cpp
suyog.cpp~
TC
tc3
Templates
test.sh
test.sh~
t.sh
t.sh~
Untitled Document~
Videos
xa
xa~

./Desktop:
a.cpp

./Documents:
edit
edit~
How to Install MySQL 5.5 on Ubuntu 12.04 Linux  _files
How to Install MySQL 5.5 on Ubuntu 12.04 Linux  .html
onlineExams.sql
onlineExams.sql~
q
Suyog _Nerkar _Database_Assessment_System
Suyog _Nerkar _Database_Assessment_System~
table contents
table contents~
table contents (copy)
Untitled Document 1~

./Documents/How to Install MySQL 5.5 on Ubuntu 12.04 Linux  _files:
1088796616-postmessagerelay.js
3497078200-postmessage.js
725X1342.skimlinks.js
ad516503a11cd5ca435acc9bb6523536
ads
amzn_ads.js
auth.html
badges_su.css
badge_su.js
base.691a12937f30485e77e0e3b97bb85011.css
bid
blog_head.png
button1.html
button.js
buttons3.css
buttons.js
cb=gapi(1).loaded_1
cb=gapi(2).loaded_0
cb=gapi.loaded_0
cb=gapi.loaded_1
CBO_6-e1370384482412.jpg
client-plusone.js
core-rpc-shindig.random-shindig.sha1.js
count.json
css
css(1)
devicepx.js
form.js
g(1).gif
ga.js
getaffiliatorjs
g.gif
google_ads.js
google_service.js
gprofiles.js
grv.dotdotdot-1.5.1.9679346be350e8da463808b79aaf6c51.js
hendrelouw73_bitcoin1.png
hovercard.css
jed.js
jquery-1.8.2.min.cfa9051cc0b05eb519f1e16b2a6645d7.js
jquery(1).js
jquery.js
jquery.min.js
jquery.wpcom-proxy-request.js
likes-rest.js
loading.gif
master.html
nonSecureAnonymousFramework
noticons.css
osd.js
plusone.js
postmessage(1).js
postmessage.js
postmessageRelay(1).html
postmessageRelay.html
proxy.html
quant.js
reddit.css
rs=AItRSTNe7amNGiyEWQ6X6FZtmiVtCHjN8Q
rs=AItRSTNs9n-9hwyJCmjgqEFyNVDTjXurlQ
saved_resource
saved_resource(1)
saved_resource(10).html
saved_resource(2)
saved_resource(3)
saved_resource(4)
saved_resource(5)
saved_resource(6)
saved_resource(7)
saved_resource(8).html
saved_resource(9).html
saved_resource.html
services.css
sharebutton.html
share.js
shCore.css
shThemeDefault.css
spinner.be1cede97289c13920048f238fd37b85.gif
stickers-3-275x275-c.png
style(1).css
style.css
TaylorSwiftAMAs2013headlinecropLSJordanStraussInvisionAP_photo_gallery.jpg
tweet_button.html
underscore.min.js
w2.html
widget.efc85fb63e30f6d9f0699b02e7271fec.js
w.js
wl
wordpress-header-blue-720x2501.png
wp-4-medrec-resp.6e022ea166187884f8066c8203f88485.css
wpgroho.js
wplogo.png
xblobfish-3951137751_ab401d1b77_o.jpg.pagespeed.ic.hDgwT1nODR.jpg

./Downloads:
binding.rb
class.smtp.php
cmd-ref.pdf
College.java
College.java~
Day1.pdf
Day2.pdf
Day3.pdf
Exam Management System Notes.doc
index.jpeg
INFE104.pdf
install_flash_player_11_linux.x86_64.tar.gz
lab-manual.pdf
scripting-notes.pdf
shell-assign1.pdf
ShellScriptAssignments1.doc
skype-NoobsLab.deb
StrTok.zip
Student.java

./Music:

./Pictures:

./Public:

./TC:
BGI
BIN
CLASSLIB
DOC
EXAMPLES
FILELIST.DOC
INCLUDE
LIB
README
README.COM

./TC/BGI:
ATT.BGI
BGIDEMO.C
BGIOBJ.EXE
BOLD.CHR
CGA.BGI
EGAVGA.BGI
EURO.CHR
GOTH.CHR
HERC.BGI
IBM8514.BGI
LCOM.CHR
LITT.CHR
PC3270.BGI
SANS.CHR
SCRI.CHR
SIMP.CHR
TRIP.CHR
TSCR.CHR

./TC/BIN:
A1.BAK
A1.CPP
A1.CPP~
A1.EXE
A1.OBJ
BUILTINS.MAK
CPP.EXE
DPMI16BI.OVL
DPMIINST.EXE
DPMILOAD.EXE
DPMIMEM.DLL
DPMIRES.EXE
EMSTEST.COM
GREP2MSG.EXE
GREP.COM
MAKE.EXE
MAKER.EXE
NONAME00.OBJ
OBJXREF.COM
PRJ2MAK.EXE
PRJCFG.EXE
PRJCNVT.EXE
TASM2MSG.EXE
TC0000.SWP
TC0001.SWP
TC0002.SWP
TCC.EXE
TCCONFIG.TC
TCDEF.DPR
TCDEF.DSK
TC.EXE
TCHELP.TCH
TC.PIF
TDUMP.EXE
TEMC.EXE
THELP.CFG
THELP.COM
TLIB.EXE
TLINK.EXE
TOUCH.COM
TRANCOPY.EXE
TRIGRAPH.EXE
TURBOC.CFG
UNZIP.EXE

./TC/CLASSLIB:
EXAMPLES
INCLUDE
LIB
OBJS
SOURCE

./TC/CLASSLIB/EXAMPLES:
DIRECTRY.CPP
DIRECTRY.H
DIRECTRY.PRJ
FILEDATA.CPP
FILEDATA.H
LOOKUP.CPP
LOOKUP.PRJ
QUEUETST.CPP
QUEUETST.PRJ
REVERSE.CPP
REVERSE.PRJ
STRNGMAX.CPP
STRNGMAX.PRJ
TESTDIR.CPP

./TC/CLASSLIB/INCLUDE:
ABSTARRY.H
ARRAY.H
ARRAYS.H
ASSOC.H
BAG.H
BAGS.H
BTREE.H
CHECKS.H
CLSDEFS.H
CLSTYPES.H
COLLECT.H
CONTAIN.H
DBLLIST.H
DEQUE.H
DEQUES.H
DICT.H
DLISTIMP.H
HASHTBL.H
LDATE.H
LIST.H
LISTIMP.H
LTIME.H
MEMMGR.H
OBJECT.H
PRIORTYQ.H
QUEUE.H
QUEUES.H
RESOURCE.H
SET.H
SETS.H
SHDDEL.H
SORTABLE.H
SORTARRY.H
STACK.H
STACKS.H
STDTEMPL.H
STRNG.H
TIMER.H
VECTIMP.H

./TC/CLASSLIB/LIB:
TCLASDBS.LIB
TCLASSS.LIB

./TC/CLASSLIB/OBJS:
DL
DS
L
S

./TC/CLASSLIB/OBJS/DL:
BIDSDBL.PRJ
TCLASDBL.PRJ

./TC/CLASSLIB/OBJS/DS:
BIDSDBS.PRJ
TCLASDBS.PRJ

./TC/CLASSLIB/OBJS/L:
BIDSL.PRJ
TCLASSL.PRJ

./TC/CLASSLIB/OBJS/S:
BIDSS.PRJ
TCLASSS.PRJ

./TC/CLASSLIB/SOURCE:
ABSTARRY.CPP
ARRAY.CPP
ASSOC.CPP
BABSTARY.CPP
BDICT.CPP
BSORTARY.CPP
BTREE.CPP
BTREEINN.CPP
BTREELFN.CPP
COLLECT.CPP
CONTAIN.CPP
DBLLIST.CPP
DEQUE.CPP
DICT.CPP
HASHTBL.CPP
LDATE.CPP
LIST.CPP
LTIME.CPP
MEMMGR.CPP
OBJECT.CPP
SORTARRY.CPP
STACK.CPP
STRNG.CPP
TIMER.CPP
TMPLINST.CPP

./TC/DOC:
ANSI.DOC
BASM.DOC
BRIEF.TEM
CLASSLIB.DOC
CMACROS.TEM
DEFAULTS.TEM
DOSEDIT.TEM
EPSILON.TEM
HELPME!.DOC
UTIL.DOC

./TC/EXAMPLES:
BARCHART.C
CIRCLE.CPP
CIRCLE.PRJ
CPASDEMO.C
CPASDEMO.PAS
CTOPAS.CFG
CTOPAS.PRJ
DCOPY.CPP
DEF2.CPP
DEF2.H
DEF.CPP
DEF.H
DICTION.CPP
DICTION.H
DYNPOINT.CPP
DYNPOINT.PRJ
EX1.CPP
EX2.CPP
EX3.CPP
EX4.CPP
EX5.CPP
EX5.PRJ
EX6.CPP
EX6.PRJ
EX7.CPP
EX7.PRJ
EX8.CPP
EX8.PRJ
EX9.CPP
EX9.PRJ
FIGDEMO.CPP
FIGDEMO.PRJ
FIGURES.CPP
FIGURES.H
FILTER.H
GAME.CPP
GETOPT.C
GREP2MSG.C
HELLO.C
INTRO10.CPP
INTRO11.CPP
INTRO12.CPP
INTRO13.CPP
INTRO14.CPP
INTRO15.CPP
INTRO16.CPP
INTRO17.CPP
INTRO18.CPP
INTRO19.CPP
INTRO1.CPP
INTRO20.CPP
INTRO21.CPP
INTRO22.CPP
INTRO23.CPP
INTRO24.CPP
INTRO25.CPP
INTRO26.CPP
INTRO27.CPP
INTRO28.CPP
INTRO29.CPP
INTRO2.CPP
INTRO30.CPP
INTRO31.CPP
INTRO32.CPP
INTRO33.CPP
INTRO34.CPP
INTRO35.CPP
INTRO36.CPP
INTRO3.CPP
INTRO4.CPP
INTRO5.CPP
INTRO6.CPP
INTRO7.CPP
INTRO8.CPP
INTRO9.CPP
LIST2.CPP
LIST2.H
LIST.CPP
LISTDEMO.CPP
LISTDEMO.PRJ
LIST.H
MATHERR.C
MCIRCLE.CPP
MCIRCLE.PRJ
PIXEL.CPP
PIXEL.PRJ
PLANETS.CPP
PLOTEMP1.C
PLOTEMP2.C
PLOTEMP3.C
PLOTEMP4.C
PLOTEMP5.C
PLOTEMP6.C
PLOTEMP.C
POINT2.CPP
POINT.CPP
POINT.H
SALESTAG.C
SOLAR.CPP
STACK2.CPP
STACK2.H
STACK.CPP
STACK.H
STRING.CPP
TASM2MSG.C
TCALC
VCIRC.CPP
VCIRC.PRJ
VPOINT.CPP
VPOINT.H
XSTRING.CPP

./TC/EXAMPLES/TCALC:
TCALC.C
TCALC.DOC
TCALC.H
TCALC.PRJ
TCDISPLY.C
TCINPUT.C
TCOMMAND.C
TCPARSER.C
TCUTIL.C

./TC/INCLUDE:
ALLOC.H
ASSERT.H
BCD.H
BIOS.H
COMPLEX.H
CONIO.H
CONSTREA.H
CTYPE.H
_DEFS.H
DIRECT.H
DIRENT.H
DIR.H
DOS.H
ERRNO.H
FCNTL.H
FLOAT.H
FSTREAM.H
GENERIC.H
GRAPHICS.H
IO.H
IOMANIP.H
IOSTREAM.H
LIMITS.H
LOCALE.H
LOCKING.H
MALLOC.H
MATH.H
MEM.H
MEMORY.H
NEW.H
_NULL.H
PROCESS.H
SEARCH.H
SETJMP.H
SHARE.H
SIGNAL.H
STDARG.H
STDDEF.H
STDIO.H
STDIOSTR.H
STDLIB.H
STRING.H
STRSTREA.H
SYS
TIME.H
UTIME.H
VALUES.H
VARARGS.H

./TC/INCLUDE/SYS:
STAT.H
TIMEB.H
TYPES.H

./TC/LIB:
C0C.OBJ
C0FC.OBJ
C0FH.OBJ
C0FL.OBJ
C0FM.OBJ
C0FS.OBJ
C0FT.OBJ
C0H.OBJ
C0L.OBJ
C0M.OBJ
C0S.OBJ
C0T.OBJ
CC.LIB
CH.LIB
CL.LIB
CM.LIB
CS.LIB
EMU.LIB
FP87.LIB
GRAPHICS.LIB
MATHC.LIB
MATHH.LIB
MATHL.LIB
MATHM.LIB
MATHS.LIB
OVERLAY.LIB
WILDARGS.OBJ

./tc3:
BGI.ZIP
BIN.ZIP
CLASSDBL.ZIP
CLASSDBS.ZIP
CLASSEXM.ZIP
CLASSINC.ZIP
CLASSLIB.ZIP
CLASSL.ZIP
CLASSSRC.ZIP
CLASSS.ZIP
CLIB.ZIP
CMDLINE.CA1
CMDLINE.CA2
DISK1.DSK
DISK2.DSK
DISK3.DSK
DOC.ZIP
EXAMPLES.ZIP
FILELIST.DOC
HELP.CA1
HELP.CA2
HELP.CA3
HLIB.ZIP
IDE.CA1
IDE.CA2
INCLUDE.ZIP
INSTALL.EXE
LLIB.ZIP
MLIB.ZIP
README
README.COM
SLIB.ZIP
TCALC.ZIP
UNZIP.EXE
XLIB.ZIP

./Templates:

./Videos:
THE DATE AND TIME IS : 12-17-2013   05:28:41 PM IST 
 
THE DATE AND TIME IS : 12-17-2013   05:29:31 PM IST 
 
THE DATE AND TIME IS : 12-17-2013   05:32:27 PM IST 
 
THE DATE AND TIME IS : 12-17-2013   05:33:03 PM IST 
 
THE DATE AND TIME IS : 12-17-2013   05:34:20 PM IST 
 
THE DATE AND TIME IS : 12-17-2013   05:35:33 PM IST 
 
THE DATE AND TIME IS : 12-17-2013   05:36:55 PM IST 
 
THE DATE AND TIME IS : 12-17-2013   05:37:10 PM IST 
 
THE DATE AND TIME IS : 12-17-2013   05:39:20 PM IST 
 
THE DATE AND TIME IS : 12-17-2013   05:40:23 PM IST 
 
THE DATE AND TIME IS : 12-17-2013   05:42:14 PM IST 
 
THE DATE AND TIME IS : 12-17-2013   05:43:18 PM IST 
 
THE DATE AND TIME IS : 12-17-2013   05:43:55 PM IST 
 
THE DATE AND TIME IS : 12-17-2013   05:44:37 PM IST 
 
THE DATE AND TIME IS : 12-17-2013   05:45:12 PM IST 
 

 _2013-12-17-17-56-18 
 

 ==> Renamed d__2013-12-17-17-45-12.txt  to d__2013-12-17-17-45-12__2013-12-17-17-56-18.txt  
 ==> Renamed d.txt  to d__2013-12-17-17-56-18.txt  
 ==> Renamed ff__2013-12-17-17-45-12.txt  to ff__2013-12-17-17-45-12__2013-12-17-17-56-18.txt  
 
 --> Renamed x*.*  to c 
